<?xml version="1.0" encoding="UTF-8"?>
<robot generator="Robot 6.1.1 (Python 3.11.4 on win32)" generated="20230817 22:11:22.782" rpa="false" schemaversion="4">
<suite id="s1" name="Amazon Testes" source="D:\Automação de testes com Framework - Básico\CursoUdemy\RobotFramework\WebTestting\amazon_test\amazon_testes.robot">
<test id="s1-t1" name="Caso de Teste 03 - Adicionar Produto no Carrinho" line="8">
<kw name="Abrir o navegador" library="amazon_resources" type="SETUP">
<kw name="Open Browser" library="SeleniumLibrary">
<arg>browser=${BROWSER}</arg>
<doc>Opens a new browser instance to the optional ``url``.</doc>
<msg timestamp="20230817 22:11:23.446" level="INFO">Opening browser 'chrome' to base url 'None'.</msg>
<status status="PASS" starttime="20230817 22:11:23.443" endtime="20230817 22:11:26.632"/>
</kw>
<kw name="Maximize Browser Window" library="SeleniumLibrary">
<doc>Maximizes current browser window.</doc>
<status status="PASS" starttime="20230817 22:11:26.633" endtime="20230817 22:11:26.930"/>
</kw>
<status status="PASS" starttime="20230817 22:11:23.440" endtime="20230817 22:11:26.931"/>
</kw>
<kw name="Acessar a home page do site Amazon.com.br" library="amazon_resources">
<kw name="Go To" library="SeleniumLibrary">
<arg>url=${URL}</arg>
<doc>Navigates the current browser window to the provided ``url``.</doc>
<msg timestamp="20230817 22:11:26.934" level="INFO">Opening url 'https://www.amazon.com.br/'</msg>
<status status="PASS" starttime="20230817 22:11:26.933" endtime="20230817 22:11:31.445"/>
</kw>
<status status="PASS" starttime="20230817 22:11:26.933" endtime="20230817 22:11:31.445"/>
</kw>
<kw name="Digitar o nome de produto &quot;Xbox Series S&quot; no campo de pesquisa" library="amazon_resources" sourcename="Digitar o nome de produto &quot;${PRODUTO}&quot; no campo de pesquisa">
<kw name="Input Text" library="SeleniumLibrary">
<arg>locator=twotabsearchtextbox</arg>
<arg>text=${PRODUTO}</arg>
<doc>Types the given ``text`` into the text field identified by ``locator``.</doc>
<msg timestamp="20230817 22:11:31.449" level="INFO">Typing text 'Xbox Series S' into text field 'twotabsearchtextbox'.</msg>
<status status="PASS" starttime="20230817 22:11:31.447" endtime="20230817 22:11:34.773"/>
</kw>
<status status="PASS" starttime="20230817 22:11:31.446" endtime="20230817 22:11:34.774"/>
</kw>
<kw name="Clicar no botão de pesquisa" library="amazon_resources">
<kw name="Click Element" library="SeleniumLibrary">
<arg>locator=nav-search-submit-button</arg>
<doc>Click the element identified by ``locator``.</doc>
<msg timestamp="20230817 22:11:34.830" level="INFO">Clicking element 'nav-search-submit-button'.</msg>
<status status="PASS" starttime="20230817 22:11:34.828" endtime="20230817 22:11:35.993"/>
</kw>
<status status="PASS" starttime="20230817 22:11:34.827" endtime="20230817 22:11:35.993"/>
</kw>
<kw name="Verificar o resultado da pesquisa se está listando o produto &quot;Console Xbox Series S&quot;" library="amazon_resources" sourcename="Verificar o resultado da pesquisa se está listando o produto &quot;${PRODUTO}&quot;">
<kw name="Wait Until Element Is Visible" library="SeleniumLibrary">
<arg>locator=//img[contains(@alt,'${PRODUTO}')]</arg>
<doc>Waits until the element ``locator`` is visible.</doc>
<status status="PASS" starttime="20230817 22:11:36.016" endtime="20230817 22:11:39.832"/>
</kw>
<status status="PASS" starttime="20230817 22:11:36.015" endtime="20230817 22:11:39.832"/>
</kw>
<kw name="Adicionar o produto &quot;Console Xbox Series S&quot; no carrinho" library="amazon_resources" sourcename="Adicionar o produto &quot;${PRODUTO}&quot; no carrinho">
<kw name="Click Element" library="SeleniumLibrary">
<arg>locator=//img[@data-image-index='1']</arg>
<doc>Click the element identified by ``locator``.</doc>
<msg timestamp="20230817 22:11:39.841" level="INFO">Clicking element '//img[@data-image-index='1']'.</msg>
<status status="PASS" starttime="20230817 22:11:39.839" endtime="20230817 22:11:51.247"/>
</kw>
<kw name="Click Element" library="SeleniumLibrary">
<arg>locator=//span[@class='a-button a-spacing-small a-button-primary a-button-icon natc-enabled'][contains(.,'Adicionar ao carrinho')]</arg>
<doc>Click the element identified by ``locator``.</doc>
<msg timestamp="20230817 22:11:51.249" level="INFO">Clicking element '//span[@class='a-button a-spacing-small a-button-primary a-button-icon natc-enabled'][contains(.,'Adicionar ao carrinho')]'.</msg>
<status status="PASS" starttime="20230817 22:11:51.247" endtime="20230817 22:11:55.093"/>
</kw>
<status status="PASS" starttime="20230817 22:11:39.839" endtime="20230817 22:11:55.093"/>
</kw>
<kw name="Verificar se o produto &quot;Console Xbox Series S&quot; foi adicionado com sucesso" library="amazon_resources" sourcename="Verificar se o produto &quot;${PRODUTO}&quot; foi adicionado com sucesso">
<kw name="Wait Until Element Is Visible" library="SeleniumLibrary">
<arg>locator=//img[contains(@class,'sc-product-image celwidget')]</arg>
<doc>Waits until the element ``locator`` is visible.</doc>
<status status="PASS" starttime="20230817 22:11:55.110" endtime="20230817 22:11:56.267"/>
</kw>
<kw name="Click Element" library="SeleniumLibrary">
<arg>locator=//a[contains(@data-csa-c-type,'button')]</arg>
<doc>Click the element identified by ``locator``.</doc>
<msg timestamp="20230817 22:11:56.268" level="INFO">Clicking element '//a[contains(@data-csa-c-type,'button')]'.</msg>
<status status="PASS" starttime="20230817 22:11:56.267" endtime="20230817 22:11:58.134"/>
</kw>
<status status="PASS" starttime="20230817 22:11:55.109" endtime="20230817 22:11:58.134"/>
</kw>
<kw name="Fechar o navegador" library="amazon_resources" type="TEARDOWN">
<kw name="Capture Page Screenshot" library="SeleniumLibrary">
<doc>Takes a screenshot of the current page and embeds it into a log file.</doc>
<msg timestamp="20230817 22:11:58.746" level="INFO" html="true">&lt;/td&gt;&lt;/tr&gt;&lt;tr&gt;&lt;td colspan="3"&gt;&lt;a href="selenium-screenshot-1.png"&gt;&lt;img src="selenium-screenshot-1.png" width="800px"&gt;&lt;/a&gt;</msg>
<status status="PASS" starttime="20230817 22:11:58.142" endtime="20230817 22:11:58.746"/>
</kw>
<kw name="Close Browser" library="SeleniumLibrary">
<doc>Closes the current browser.</doc>
<status status="PASS" starttime="20230817 22:11:58.746" endtime="20230817 22:12:01.762"/>
</kw>
<status status="PASS" starttime="20230817 22:11:58.141" endtime="20230817 22:12:01.762"/>
</kw>
<doc>Esse teste verifica a adição de um produto no carrinho de compras</doc>
<tag>adicionar_carrinho</tag>
<status status="PASS" starttime="20230817 22:11:23.435" endtime="20230817 22:12:01.763"/>
</test>
<test id="s1-t2" name="Caso de Teste 04 - Remover Produto do Carrinho" line="18">
<kw name="Abrir o navegador" library="amazon_resources" type="SETUP">
<kw name="Open Browser" library="SeleniumLibrary">
<arg>browser=${BROWSER}</arg>
<doc>Opens a new browser instance to the optional ``url``.</doc>
<msg timestamp="20230817 22:12:01.767" level="INFO">Opening browser 'chrome' to base url 'None'.</msg>
<status status="PASS" starttime="20230817 22:12:01.767" endtime="20230817 22:12:04.248"/>
</kw>
<kw name="Maximize Browser Window" library="SeleniumLibrary">
<doc>Maximizes current browser window.</doc>
<status status="PASS" starttime="20230817 22:12:04.248" endtime="20230817 22:12:04.547"/>
</kw>
<status status="PASS" starttime="20230817 22:12:01.767" endtime="20230817 22:12:04.547"/>
</kw>
<kw name="Acessar a home page do site Amazon.com.br" library="amazon_resources">
<kw name="Go To" library="SeleniumLibrary">
<arg>url=${URL}</arg>
<doc>Navigates the current browser window to the provided ``url``.</doc>
<msg timestamp="20230817 22:12:04.551" level="INFO">Opening url 'https://www.amazon.com.br/'</msg>
<status status="PASS" starttime="20230817 22:12:04.549" endtime="20230817 22:12:07.367"/>
</kw>
<status status="PASS" starttime="20230817 22:12:04.548" endtime="20230817 22:12:07.367"/>
</kw>
<kw name="Digitar o nome de produto &quot;Xbox Series S&quot; no campo de pesquisa" library="amazon_resources" sourcename="Digitar o nome de produto &quot;${PRODUTO}&quot; no campo de pesquisa">
<kw name="Input Text" library="SeleniumLibrary">
<arg>locator=twotabsearchtextbox</arg>
<arg>text=${PRODUTO}</arg>
<doc>Types the given ``text`` into the text field identified by ``locator``.</doc>
<msg timestamp="20230817 22:12:07.379" level="INFO">Typing text 'Xbox Series S' into text field 'twotabsearchtextbox'.</msg>
<status status="PASS" starttime="20230817 22:12:07.378" endtime="20230817 22:12:10.840"/>
</kw>
<status status="PASS" starttime="20230817 22:12:07.377" endtime="20230817 22:12:10.841"/>
</kw>
<kw name="Clicar no botão de pesquisa" library="amazon_resources">
<kw name="Click Element" library="SeleniumLibrary">
<arg>locator=nav-search-submit-button</arg>
<doc>Click the element identified by ``locator``.</doc>
<msg timestamp="20230817 22:12:10.844" level="INFO">Clicking element 'nav-search-submit-button'.</msg>
<status status="PASS" starttime="20230817 22:12:10.842" endtime="20230817 22:12:12.009"/>
</kw>
<status status="PASS" starttime="20230817 22:12:10.842" endtime="20230817 22:12:12.009"/>
</kw>
<kw name="Verificar o resultado da pesquisa se está listando o produto &quot;Console Xbox Series S&quot;" library="amazon_resources" sourcename="Verificar o resultado da pesquisa se está listando o produto &quot;${PRODUTO}&quot;">
<kw name="Wait Until Element Is Visible" library="SeleniumLibrary">
<arg>locator=//img[contains(@alt,'${PRODUTO}')]</arg>
<doc>Waits until the element ``locator`` is visible.</doc>
<status status="PASS" starttime="20230817 22:12:12.013" endtime="20230817 22:12:14.748"/>
</kw>
<status status="PASS" starttime="20230817 22:12:12.012" endtime="20230817 22:12:14.748"/>
</kw>
<kw name="Adicionar o produto &quot;Console Xbox Series S&quot; no carrinho" library="amazon_resources" sourcename="Adicionar o produto &quot;${PRODUTO}&quot; no carrinho">
<kw name="Click Element" library="SeleniumLibrary">
<arg>locator=//img[@data-image-index='1']</arg>
<doc>Click the element identified by ``locator``.</doc>
<msg timestamp="20230817 22:12:14.756" level="INFO">Clicking element '//img[@data-image-index='1']'.</msg>
<status status="PASS" starttime="20230817 22:12:14.754" endtime="20230817 22:12:25.591"/>
</kw>
<kw name="Click Element" library="SeleniumLibrary">
<arg>locator=//span[@class='a-button a-spacing-small a-button-primary a-button-icon natc-enabled'][contains(.,'Adicionar ao carrinho')]</arg>
<doc>Click the element identified by ``locator``.</doc>
<msg timestamp="20230817 22:12:25.593" level="INFO">Clicking element '//span[@class='a-button a-spacing-small a-button-primary a-button-icon natc-enabled'][contains(.,'Adicionar ao carrinho')]'.</msg>
<status status="PASS" starttime="20230817 22:12:25.591" endtime="20230817 22:12:29.531"/>
</kw>
<status status="PASS" starttime="20230817 22:12:14.752" endtime="20230817 22:12:29.532"/>
</kw>
<kw name="Verificar se o produto &quot;Console Xbox Series S&quot; foi adicionado com sucesso" library="amazon_resources" sourcename="Verificar se o produto &quot;${PRODUTO}&quot; foi adicionado com sucesso">
<kw name="Wait Until Element Is Visible" library="SeleniumLibrary">
<arg>locator=//img[contains(@class,'sc-product-image celwidget')]</arg>
<doc>Waits until the element ``locator`` is visible.</doc>
<status status="PASS" starttime="20230817 22:12:29.538" endtime="20230817 22:12:29.941"/>
</kw>
<kw name="Click Element" library="SeleniumLibrary">
<arg>locator=//a[contains(@data-csa-c-type,'button')]</arg>
<doc>Click the element identified by ``locator``.</doc>
<msg timestamp="20230817 22:12:29.943" level="INFO">Clicking element '//a[contains(@data-csa-c-type,'button')]'.</msg>
<status status="PASS" starttime="20230817 22:12:29.942" endtime="20230817 22:12:32.439"/>
</kw>
<status status="PASS" starttime="20230817 22:12:29.537" endtime="20230817 22:12:32.439"/>
</kw>
<kw name="Remover o produto &quot;Console Xbox Series S&quot; do carrinho" library="amazon_resources" sourcename="Remover o produto &quot;${PRODUTO}&quot; do carrinho">
<kw name="Click Element" library="SeleniumLibrary">
<arg>locator=(//input[contains(@type,'submit')])[7]</arg>
<doc>Click the element identified by ``locator``.</doc>
<msg timestamp="20230817 22:12:32.442" level="INFO">Clicking element '(//input[contains(@type,'submit')])[7]'.</msg>
<status status="PASS" starttime="20230817 22:12:32.441" endtime="20230817 22:12:32.974"/>
</kw>
<status status="PASS" starttime="20230817 22:12:32.440" endtime="20230817 22:12:32.975"/>
</kw>
<kw name="Verificar se o carrinho fica vazio" library="amazon_resources">
<kw name="Wait Until Page Contains" library="SeleniumLibrary">
<arg>text=Seu carrinho de compras da Amazon está vazio.</arg>
<doc>Waits until ``text`` appears on the current page.</doc>
<status status="PASS" starttime="20230817 22:12:32.976" endtime="20230817 22:12:33.267"/>
</kw>
<status status="PASS" starttime="20230817 22:12:32.975" endtime="20230817 22:12:33.267"/>
</kw>
<kw name="Fechar o navegador" library="amazon_resources" type="TEARDOWN">
<kw name="Capture Page Screenshot" library="SeleniumLibrary">
<doc>Takes a screenshot of the current page and embeds it into a log file.</doc>
<msg timestamp="20230817 22:12:33.473" level="INFO" html="true">&lt;/td&gt;&lt;/tr&gt;&lt;tr&gt;&lt;td colspan="3"&gt;&lt;a href="selenium-screenshot-2.png"&gt;&lt;img src="selenium-screenshot-2.png" width="800px"&gt;&lt;/a&gt;</msg>
<status status="PASS" starttime="20230817 22:12:33.269" endtime="20230817 22:12:33.473"/>
</kw>
<kw name="Close Browser" library="SeleniumLibrary">
<doc>Closes the current browser.</doc>
<status status="PASS" starttime="20230817 22:12:33.473" endtime="20230817 22:12:36.885"/>
</kw>
<status status="PASS" starttime="20230817 22:12:33.269" endtime="20230817 22:12:36.885"/>
</kw>
<doc>Esse teste verifica a remoção de um produto no carrinho de compras</doc>
<tag>remover_carrinho</tag>
<status status="PASS" starttime="20230817 22:12:01.765" endtime="20230817 22:12:36.886"/>
</test>
<doc>Esse teste verifica a adição de um produto no carrinho de compras</doc>
<status status="PASS" starttime="20230817 22:11:22.785" endtime="20230817 22:12:36.888"/>
</suite>
<statistics>
<total>
<stat pass="2" fail="0" skip="0">All Tests</stat>
</total>
<tag>
<stat pass="1" fail="0" skip="0">adicionar_carrinho</stat>
<stat pass="1" fail="0" skip="0">remover_carrinho</stat>
</tag>
<suite>
<stat pass="2" fail="0" skip="0" id="s1" name="Amazon Testes">Amazon Testes</stat>
</suite>
</statistics>
<errors>
</errors>
</robot>
